INFO:     Will watch for changes in these directories: ['/Users/shankarswarup/Desktop/medical/backend']
INFO:     Uvicorn running on http://0.0.0.0:8000 (Press CTRL+C to quit)
INFO:     Started reloader process [55374] using WatchFiles
INFO:     Started server process [55481]
INFO:     Waiting for application startup.
INFO:     Application startup complete.
INFO:     127.0.0.1:56454 - "GET /api/doctor/patients HTTP/1.1" 500 Internal Server Error
ERROR:    Exception in ASGI application
Traceback (most recent call last):
  File "/Users/shankarswarup/Desktop/medical/backend/venv/lib/python3.14/site-packages/fastapi/encoders.py", line 345, in jsonable_encoder
    data = dict(obj)
TypeError: 'ObjectId' object is not iterable

During handling of the above exception, another exception occurred:

Traceback (most recent call last):
  File "/Users/shankarswarup/Desktop/medical/backend/venv/lib/python3.14/site-packages/fastapi/encoders.py", line 350, in jsonable_encoder
    data = vars(obj)
TypeError: vars() argument must have __dict__ attribute

The above exception was the direct cause of the following exception:

Traceback (most recent call last):
  File "/Users/shankarswarup/Desktop/medical/backend/venv/lib/python3.14/site-packages/uvicorn/protocols/http/httptools_impl.py", line 421, in run_asgi
    result = await app(  # type: ignore[func-returns-value]
             ^^^^^^^^^^^^^^^^^^^^^^^^^^^^^^^^^^^^^^^^^^^^^^
        self.scope, self.receive, self.send
        ^^^^^^^^^^^^^^^^^^^^^^^^^^^^^^^^^^^
    )
    ^
  File "/Users/shankarswarup/Desktop/medical/backend/venv/lib/python3.14/site-packages/uvicorn/middleware/proxy_headers.py", line 56, in __call__
    return await self.app(scope, receive, send)
           ^^^^^^^^^^^^^^^^^^^^^^^^^^^^^^^^^^^^
  File "/Users/shankarswarup/Desktop/medical/backend/venv/lib/python3.14/site-packages/fastapi/applications.py", line 1159, in __call__
    await super().__call__(scope, receive, send)
  File "/Users/shankarswarup/Desktop/medical/backend/venv/lib/python3.14/site-packages/starlette/applications.py", line 90, in __call__
    await self.middleware_stack(scope, receive, send)
  File "/Users/shankarswarup/Desktop/medical/backend/venv/lib/python3.14/site-packages/starlette/middleware/errors.py", line 186, in __call__
    raise exc
  File "/Users/shankarswarup/Desktop/medical/backend/venv/lib/python3.14/site-packages/starlette/middleware/errors.py", line 164, in __call__
    await self.app(scope, receive, _send)
  File "/Users/shankarswarup/Desktop/medical/backend/venv/lib/python3.14/site-packages/starlette/middleware/cors.py", line 88, in __call__
    await self.app(scope, receive, send)
  File "/Users/shankarswarup/Desktop/medical/backend/venv/lib/python3.14/site-packages/starlette/middleware/exceptions.py", line 63, in __call__
    await wrap_app_handling_exceptions(self.app, conn)(scope, receive, send)
  File "/Users/shankarswarup/Desktop/medical/backend/venv/lib/python3.14/site-packages/starlette/_exception_handler.py", line 53, in wrapped_app
    raise exc
  File "/Users/shankarswarup/Desktop/medical/backend/venv/lib/python3.14/site-packages/starlette/_exception_handler.py", line 42, in wrapped_app
    await app(scope, receive, sender)
  File "/Users/shankarswarup/Desktop/medical/backend/venv/lib/python3.14/site-packages/fastapi/middleware/asyncexitstack.py", line 18, in __call__
    await self.app(scope, receive, send)
  File "/Users/shankarswarup/Desktop/medical/backend/venv/lib/python3.14/site-packages/starlette/routing.py", line 660, in __call__
    await self.middleware_stack(scope, receive, send)
  File "/Users/shankarswarup/Desktop/medical/backend/venv/lib/python3.14/site-packages/starlette/routing.py", line 680, in app
    await route.handle(scope, receive, send)
  File "/Users/shankarswarup/Desktop/medical/backend/venv/lib/python3.14/site-packages/starlette/routing.py", line 276, in handle
    await self.app(scope, receive, send)
  File "/Users/shankarswarup/Desktop/medical/backend/venv/lib/python3.14/site-packages/fastapi/routing.py", line 134, in app
    await wrap_app_handling_exceptions(app, request)(scope, receive, send)
  File "/Users/shankarswarup/Desktop/medical/backend/venv/lib/python3.14/site-packages/starlette/_exception_handler.py", line 53, in wrapped_app
    raise exc
  File "/Users/shankarswarup/Desktop/medical/backend/venv/lib/python3.14/site-packages/starlette/_exception_handler.py", line 42, in wrapped_app
    await app(scope, receive, sender)
  File "/Users/shankarswarup/Desktop/medical/backend/venv/lib/python3.14/site-packages/fastapi/routing.py", line 120, in app
    response = await f(request)
               ^^^^^^^^^^^^^^^^
  File "/Users/shankarswarup/Desktop/medical/backend/venv/lib/python3.14/site-packages/fastapi/routing.py", line 695, in app
    content = await serialize_response(
              ^^^^^^^^^^^^^^^^^^^^^^^^^
    ...<11 lines>...
    )
    ^
  File "/Users/shankarswarup/Desktop/medical/backend/venv/lib/python3.14/site-packages/fastapi/routing.py", line 317, in serialize_response
    return jsonable_encoder(response_content)
  File "/Users/shankarswarup/Desktop/medical/backend/venv/lib/python3.14/site-packages/fastapi/encoders.py", line 320, in jsonable_encoder
    jsonable_encoder(
    ~~~~~~~~~~~~~~~~^
        item,
        ^^^^^
    ...<7 lines>...
        sqlalchemy_safe=sqlalchemy_safe,
        ^^^^^^^^^^^^^^^^^^^^^^^^^^^^^^^^
    )
    ^
  File "/Users/shankarswarup/Desktop/medical/backend/venv/lib/python3.14/site-packages/fastapi/encoders.py", line 306, in jsonable_encoder
    encoded_value = jsonable_encoder(
        value,
    ...<4 lines>...
        sqlalchemy_safe=sqlalchemy_safe,
    )
  File "/Users/shankarswarup/Desktop/medical/backend/venv/lib/python3.14/site-packages/fastapi/encoders.py", line 353, in jsonable_encoder
    raise ValueError(errors) from e
ValueError: [TypeError("'ObjectId' object is not iterable"), TypeError('vars() argument must have __dict__ attribute')]
WARNING:  WatchFiles detected changes in 'routes/doctor_routes.py'. Reloading...
INFO:     Shutting down
INFO:     Waiting for application shutdown.
INFO:     Application shutdown complete.
INFO:     Finished server process [55481]
INFO:     Started server process [55881]
INFO:     Waiting for application startup.
INFO:     Application startup complete.
INFO:     127.0.0.1:56476 - "GET /api/doctor/patients HTTP/1.1" 200 OK
INFO:     127.0.0.1:56482 - "POST /api/doctor/prescribe?patient_id=69ee1f2c91a60de2793b4cf8&medicine_id=Amoxicillin&instructions=Take%20500mg%20thrice%20daily HTTP/1.1" 200 OK
INFO:     127.0.0.1:56569 - "POST /api/auth/login HTTP/1.1" 200 OK
INFO:     127.0.0.1:56591 - "GET /api/pharma/prescriptions/pending HTTP/1.1" 500 Internal Server Error
ERROR:    Exception in ASGI application
Traceback (most recent call last):
  File "/Users/shankarswarup/Desktop/medical/backend/venv/lib/python3.14/site-packages/fastapi/encoders.py", line 345, in jsonable_encoder
    data = dict(obj)
TypeError: 'ObjectId' object is not iterable

During handling of the above exception, another exception occurred:

Traceback (most recent call last):
  File "/Users/shankarswarup/Desktop/medical/backend/venv/lib/python3.14/site-packages/fastapi/encoders.py", line 350, in jsonable_encoder
    data = vars(obj)
TypeError: vars() argument must have __dict__ attribute

The above exception was the direct cause of the following exception:

Traceback (most recent call last):
  File "/Users/shankarswarup/Desktop/medical/backend/venv/lib/python3.14/site-packages/uvicorn/protocols/http/httptools_impl.py", line 421, in run_asgi
    result = await app(  # type: ignore[func-returns-value]
             ^^^^^^^^^^^^^^^^^^^^^^^^^^^^^^^^^^^^^^^^^^^^^^
        self.scope, self.receive, self.send
        ^^^^^^^^^^^^^^^^^^^^^^^^^^^^^^^^^^^
    )
    ^
  File "/Users/shankarswarup/Desktop/medical/backend/venv/lib/python3.14/site-packages/uvicorn/middleware/proxy_headers.py", line 56, in __call__
    return await self.app(scope, receive, send)
           ^^^^^^^^^^^^^^^^^^^^^^^^^^^^^^^^^^^^
  File "/Users/shankarswarup/Desktop/medical/backend/venv/lib/python3.14/site-packages/fastapi/applications.py", line 1159, in __call__
    await super().__call__(scope, receive, send)
  File "/Users/shankarswarup/Desktop/medical/backend/venv/lib/python3.14/site-packages/starlette/applications.py", line 90, in __call__
    await self.middleware_stack(scope, receive, send)
  File "/Users/shankarswarup/Desktop/medical/backend/venv/lib/python3.14/site-packages/starlette/middleware/errors.py", line 186, in __call__
    raise exc
  File "/Users/shankarswarup/Desktop/medical/backend/venv/lib/python3.14/site-packages/starlette/middleware/errors.py", line 164, in __call__
    await self.app(scope, receive, _send)
  File "/Users/shankarswarup/Desktop/medical/backend/venv/lib/python3.14/site-packages/starlette/middleware/cors.py", line 88, in __call__
    await self.app(scope, receive, send)
  File "/Users/shankarswarup/Desktop/medical/backend/venv/lib/python3.14/site-packages/starlette/middleware/exceptions.py", line 63, in __call__
    await wrap_app_handling_exceptions(self.app, conn)(scope, receive, send)
  File "/Users/shankarswarup/Desktop/medical/backend/venv/lib/python3.14/site-packages/starlette/_exception_handler.py", line 53, in wrapped_app
    raise exc
  File "/Users/shankarswarup/Desktop/medical/backend/venv/lib/python3.14/site-packages/starlette/_exception_handler.py", line 42, in wrapped_app
    await app(scope, receive, sender)
  File "/Users/shankarswarup/Desktop/medical/backend/venv/lib/python3.14/site-packages/fastapi/middleware/asyncexitstack.py", line 18, in __call__
    await self.app(scope, receive, send)
  File "/Users/shankarswarup/Desktop/medical/backend/venv/lib/python3.14/site-packages/starlette/routing.py", line 660, in __call__
    await self.middleware_stack(scope, receive, send)
  File "/Users/shankarswarup/Desktop/medical/backend/venv/lib/python3.14/site-packages/starlette/routing.py", line 680, in app
    await route.handle(scope, receive, send)
  File "/Users/shankarswarup/Desktop/medical/backend/venv/lib/python3.14/site-packages/starlette/routing.py", line 276, in handle
    await self.app(scope, receive, send)
  File "/Users/shankarswarup/Desktop/medical/backend/venv/lib/python3.14/site-packages/fastapi/routing.py", line 134, in app
    await wrap_app_handling_exceptions(app, request)(scope, receive, send)
  File "/Users/shankarswarup/Desktop/medical/backend/venv/lib/python3.14/site-packages/starlette/_exception_handler.py", line 53, in wrapped_app
    raise exc
  File "/Users/shankarswarup/Desktop/medical/backend/venv/lib/python3.14/site-packages/starlette/_exception_handler.py", line 42, in wrapped_app
    await app(scope, receive, sender)
  File "/Users/shankarswarup/Desktop/medical/backend/venv/lib/python3.14/site-packages/fastapi/routing.py", line 120, in app
    response = await f(request)
               ^^^^^^^^^^^^^^^^
  File "/Users/shankarswarup/Desktop/medical/backend/venv/lib/python3.14/site-packages/fastapi/routing.py", line 695, in app
    content = await serialize_response(
              ^^^^^^^^^^^^^^^^^^^^^^^^^
    ...<11 lines>...
    )
    ^
  File "/Users/shankarswarup/Desktop/medical/backend/venv/lib/python3.14/site-packages/fastapi/routing.py", line 317, in serialize_response
    return jsonable_encoder(response_content)
  File "/Users/shankarswarup/Desktop/medical/backend/venv/lib/python3.14/site-packages/fastapi/encoders.py", line 320, in jsonable_encoder
    jsonable_encoder(
    ~~~~~~~~~~~~~~~~^
        item,
        ^^^^^
    ...<7 lines>...
        sqlalchemy_safe=sqlalchemy_safe,
        ^^^^^^^^^^^^^^^^^^^^^^^^^^^^^^^^
    )
    ^
  File "/Users/shankarswarup/Desktop/medical/backend/venv/lib/python3.14/site-packages/fastapi/encoders.py", line 306, in jsonable_encoder
    encoded_value = jsonable_encoder(
        value,
    ...<4 lines>...
        sqlalchemy_safe=sqlalchemy_safe,
    )
  File "/Users/shankarswarup/Desktop/medical/backend/venv/lib/python3.14/site-packages/fastapi/encoders.py", line 353, in jsonable_encoder
    raise ValueError(errors) from e
ValueError: [TypeError("'ObjectId' object is not iterable"), TypeError('vars() argument must have __dict__ attribute')]
WARNING:  WatchFiles detected changes in 'routes/pharma_routes.py'. Reloading...
INFO:     Shutting down
INFO:     Waiting for application shutdown.
INFO:     Application shutdown complete.
INFO:     Finished server process [55881]
INFO:     Started server process [57445]
INFO:     Waiting for application startup.
INFO:     Application startup complete.
INFO:     127.0.0.1:56654 - "GET /api/pharma/prescriptions/pending HTTP/1.1" 200 OK
INFO:     127.0.0.1:56661 - "GET /api/pharma/inventory HTTP/1.1" 200 OK
INFO:     127.0.0.1:56694 - "POST /api/pharma/inventory/add HTTP/1.1" 200 OK
WARNING:  WatchFiles detected changes in 'routes/pharma_routes.py'. Reloading...
INFO:     Shutting down
INFO:     Waiting for application shutdown.
INFO:     Application shutdown complete.
INFO:     Finished server process [57445]
INFO:     Started server process [58750]
INFO:     Waiting for application startup.
INFO:     Application startup complete.
INFO:     127.0.0.1:56717 - "POST /api/pharma/dispense?prescription_id=69ee1fc5d209d46354c2545b HTTP/1.1" 403 Forbidden
WARNING:  WatchFiles detected changes in 'routes/pharma_routes.py'. Reloading...
INFO:     Shutting down
INFO:     Waiting for application shutdown.
INFO:     Application shutdown complete.
INFO:     Finished server process [58750]
INFO:     Started server process [59187]
INFO:     Waiting for application startup.
INFO:     Application startup complete.
INFO:     127.0.0.1:56802 - "POST /api/pharma/dispense?prescription_id=69ee1fc5d209d46354c2545b HTTP/1.1" 200 OK
INFO:     127.0.0.1:56839 - "GET /api/pharma/inventory HTTP/1.1" 200 OK
INFO:     127.0.0.1:56845 - "POST /api/doctor/scan/request?patient_id=69ee1f2c91a60de2793b4cf8&scan_type=X-Ray HTTP/1.1" 404 Not Found
INFO:     127.0.0.1:56863 - "POST /api/doctor/request_scan?patient_id=69ee1f2c91a60de2793b4cf8&scan_type=X-Ray HTTP/1.1" 200 OK
INFO:     127.0.0.1:56878 - "POST /api/auth/login HTTP/1.1" 200 OK
INFO:     127.0.0.1:56898 - "GET /api/lab/requests/pending HTTP/1.1" 404 Not Found
WARNING:  WatchFiles detected changes in 'routes/lab_routes.py'. Reloading...
INFO:     Shutting down
INFO:     Waiting for application shutdown.
INFO:     Application shutdown complete.
INFO:     Finished server process [59187]
INFO:     Started server process [61493]
INFO:     Waiting for application startup.
INFO:     Application startup complete.
INFO:     127.0.0.1:56946 - "GET /api/labs/requests/pending HTTP/1.1" 200 OK
INFO:     127.0.0.1:56974 - "POST /api/labs/upload_scan?patient_id=69ee1f2c91a60de2793b4cf8&scan_type=X-Ray HTTP/1.1" 200 OK
INFO:     127.0.0.1:56995 - "GET /api/doctor/scans/completed HTTP/1.1" 500 Internal Server Error
ERROR:    Exception in ASGI application
Traceback (most recent call last):
  File "/Users/shankarswarup/Desktop/medical/backend/venv/lib/python3.14/site-packages/fastapi/encoders.py", line 345, in jsonable_encoder
    data = dict(obj)
TypeError: 'ObjectId' object is not iterable

During handling of the above exception, another exception occurred:

Traceback (most recent call last):
  File "/Users/shankarswarup/Desktop/medical/backend/venv/lib/python3.14/site-packages/fastapi/encoders.py", line 350, in jsonable_encoder
    data = vars(obj)
TypeError: vars() argument must have __dict__ attribute

The above exception was the direct cause of the following exception:

Traceback (most recent call last):
  File "/Users/shankarswarup/Desktop/medical/backend/venv/lib/python3.14/site-packages/uvicorn/protocols/http/httptools_impl.py", line 421, in run_asgi
    result = await app(  # type: ignore[func-returns-value]
             ^^^^^^^^^^^^^^^^^^^^^^^^^^^^^^^^^^^^^^^^^^^^^^
        self.scope, self.receive, self.send
        ^^^^^^^^^^^^^^^^^^^^^^^^^^^^^^^^^^^
    )
    ^
  File "/Users/shankarswarup/Desktop/medical/backend/venv/lib/python3.14/site-packages/uvicorn/middleware/proxy_headers.py", line 56, in __call__
    return await self.app(scope, receive, send)
           ^^^^^^^^^^^^^^^^^^^^^^^^^^^^^^^^^^^^
  File "/Users/shankarswarup/Desktop/medical/backend/venv/lib/python3.14/site-packages/fastapi/applications.py", line 1159, in __call__
    await super().__call__(scope, receive, send)
  File "/Users/shankarswarup/Desktop/medical/backend/venv/lib/python3.14/site-packages/starlette/applications.py", line 90, in __call__
    await self.middleware_stack(scope, receive, send)
  File "/Users/shankarswarup/Desktop/medical/backend/venv/lib/python3.14/site-packages/starlette/middleware/errors.py", line 186, in __call__
    raise exc
  File "/Users/shankarswarup/Desktop/medical/backend/venv/lib/python3.14/site-packages/starlette/middleware/errors.py", line 164, in __call__
    await self.app(scope, receive, _send)
  File "/Users/shankarswarup/Desktop/medical/backend/venv/lib/python3.14/site-packages/starlette/middleware/cors.py", line 88, in __call__
    await self.app(scope, receive, send)
  File "/Users/shankarswarup/Desktop/medical/backend/venv/lib/python3.14/site-packages/starlette/middleware/exceptions.py", line 63, in __call__
    await wrap_app_handling_exceptions(self.app, conn)(scope, receive, send)
  File "/Users/shankarswarup/Desktop/medical/backend/venv/lib/python3.14/site-packages/starlette/_exception_handler.py", line 53, in wrapped_app
    raise exc
  File "/Users/shankarswarup/Desktop/medical/backend/venv/lib/python3.14/site-packages/starlette/_exception_handler.py", line 42, in wrapped_app
    await app(scope, receive, sender)
  File "/Users/shankarswarup/Desktop/medical/backend/venv/lib/python3.14/site-packages/fastapi/middleware/asyncexitstack.py", line 18, in __call__
    await self.app(scope, receive, send)
  File "/Users/shankarswarup/Desktop/medical/backend/venv/lib/python3.14/site-packages/starlette/routing.py", line 660, in __call__
    await self.middleware_stack(scope, receive, send)
  File "/Users/shankarswarup/Desktop/medical/backend/venv/lib/python3.14/site-packages/starlette/routing.py", line 680, in app
    await route.handle(scope, receive, send)
  File "/Users/shankarswarup/Desktop/medical/backend/venv/lib/python3.14/site-packages/starlette/routing.py", line 276, in handle
    await self.app(scope, receive, send)
  File "/Users/shankarswarup/Desktop/medical/backend/venv/lib/python3.14/site-packages/fastapi/routing.py", line 134, in app
    await wrap_app_handling_exceptions(app, request)(scope, receive, send)
  File "/Users/shankarswarup/Desktop/medical/backend/venv/lib/python3.14/site-packages/starlette/_exception_handler.py", line 53, in wrapped_app
    raise exc
  File "/Users/shankarswarup/Desktop/medical/backend/venv/lib/python3.14/site-packages/starlette/_exception_handler.py", line 42, in wrapped_app
    await app(scope, receive, sender)
  File "/Users/shankarswarup/Desktop/medical/backend/venv/lib/python3.14/site-packages/fastapi/routing.py", line 120, in app
    response = await f(request)
               ^^^^^^^^^^^^^^^^
  File "/Users/shankarswarup/Desktop/medical/backend/venv/lib/python3.14/site-packages/fastapi/routing.py", line 695, in app
    content = await serialize_response(
              ^^^^^^^^^^^^^^^^^^^^^^^^^
    ...<11 lines>...
    )
    ^
  File "/Users/shankarswarup/Desktop/medical/backend/venv/lib/python3.14/site-packages/fastapi/routing.py", line 317, in serialize_response
    return jsonable_encoder(response_content)
  File "/Users/shankarswarup/Desktop/medical/backend/venv/lib/python3.14/site-packages/fastapi/encoders.py", line 320, in jsonable_encoder
    jsonable_encoder(
    ~~~~~~~~~~~~~~~~^
        item,
        ^^^^^
    ...<7 lines>...
        sqlalchemy_safe=sqlalchemy_safe,
        ^^^^^^^^^^^^^^^^^^^^^^^^^^^^^^^^
    )
    ^
  File "/Users/shankarswarup/Desktop/medical/backend/venv/lib/python3.14/site-packages/fastapi/encoders.py", line 306, in jsonable_encoder
    encoded_value = jsonable_encoder(
        value,
    ...<4 lines>...
        sqlalchemy_safe=sqlalchemy_safe,
    )
  File "/Users/shankarswarup/Desktop/medical/backend/venv/lib/python3.14/site-packages/fastapi/encoders.py", line 353, in jsonable_encoder
    raise ValueError(errors) from e
ValueError: [TypeError("'ObjectId' object is not iterable"), TypeError('vars() argument must have __dict__ attribute')]
WARNING:  WatchFiles detected changes in 'routes/doctor_routes.py'. Reloading...
INFO:     Shutting down
INFO:     Waiting for application shutdown.
INFO:     Application shutdown complete.
INFO:     Finished server process [61493]
INFO:     Started server process [62783]
INFO:     Waiting for application startup.
INFO:     Application startup complete.
WARNING:  WatchFiles detected changes in 'routes/patient_routes.py'. Reloading...
INFO:     Shutting down
INFO:     Waiting for application shutdown.
INFO:     Application shutdown complete.
INFO:     Finished server process [62783]
INFO:     Started server process [62784]
INFO:     Waiting for application startup.
INFO:     Application startup complete.
INFO:     127.0.0.1:57027 - "GET /api/doctor/scans/completed HTTP/1.1" 200 OK
INFO:     127.0.0.1:57043 - "GET /api/hospitals/analytics HTTP/1.1" 404 Not Found
WARNING:  WatchFiles detected changes in 'routes/hospital_routes.py'. Reloading...
INFO:     Shutting down
INFO:     Waiting for application shutdown.
INFO:     Application shutdown complete.
INFO:     Finished server process [62784]
INFO:     Started server process [63505]
INFO:     Waiting for application startup.
INFO:     Application startup complete.
INFO:     127.0.0.1:57100 - "POST /api/auth/login HTTP/1.1" 401 Unauthorized
INFO:     127.0.0.1:57119 - "POST /api/auth/login HTTP/1.1" 200 OK
INFO:     127.0.0.1:57128 - "GET /api/hospitals/analytics HTTP/1.1" 200 OK
WARNING:  WatchFiles detected changes in 'routes/patient_routes.py'. Reloading...
INFO:     Shutting down
INFO:     Waiting for application shutdown.
INFO:     Application shutdown complete.
INFO:     Finished server process [63505]
INFO:     Started server process [64266]
INFO:     Waiting for application startup.
INFO:     Application startup complete.
INFO:     127.0.0.1:58748 - "HEAD /docs HTTP/1.1" 200 OK
INFO:     127.0.0.1:58819 - "GET /docs HTTP/1.1" 200 OK
INFO:     127.0.0.1:58819 - "GET /openapi.json HTTP/1.1" 200 OK
